Performing C++ SOURCE FILE Test HAS_WNO_gnu-anonymous-struct failed with the following output:
Change Dir: /home/acc.brunetm2/easy/build/CMakeFiles/CMakeTmp

Run Build Command(s):/usr/bin/make cmTC_3f028/fast && /usr/bin/make -f CMakeFiles/cmTC_3f028.dir/build.make CMakeFiles/cmTC_3f028.dir/build
make[1]: Entering directory '/home/acc.brunetm2/easy/build/CMakeFiles/CMakeTmp'
Building CXX object CMakeFiles/cmTC_3f028.dir/src.cxx.o
/usr/bin/c++    -DHAS_WNO_gnu-anonymous-struct   -Wno-gnu-anonymous-struct -o CMakeFiles/cmTC_3f028.dir/src.cxx.o -c /home/acc.brunetm2/easy/build/CMakeFiles/CMakeTmp/src.cxx
<command-line>: warning: ISO C++11 requires whitespace after the macro name
cc1plus: warning: unrecognized command line option '-Wno-gnu-anonymous-struct'
Linking CXX executable cmTC_3f028
/usr/bin/cmake -E cmake_link_script CMakeFiles/cmTC_3f028.dir/link.txt --verbose=1
/usr/bin/c++   -DHAS_WNO_gnu-anonymous-struct    CMakeFiles/cmTC_3f028.dir/src.cxx.o  -o cmTC_3f028 
make[1]: Leaving directory '/home/acc.brunetm2/easy/build/CMakeFiles/CMakeTmp'


Source file was:
int main() { return 0; }
Performing C++ SOURCE FILE Test HAS_WNO_nested-anon-types failed with the following output:
Change Dir: /home/acc.brunetm2/easy/build/CMakeFiles/CMakeTmp

Run Build Command(s):/usr/bin/make cmTC_15ea4/fast && /usr/bin/make -f CMakeFiles/cmTC_15ea4.dir/build.make CMakeFiles/cmTC_15ea4.dir/build
make[1]: Entering directory '/home/acc.brunetm2/easy/build/CMakeFiles/CMakeTmp'
Building CXX object CMakeFiles/cmTC_15ea4.dir/src.cxx.o
/usr/bin/c++    -DHAS_WNO_nested-anon-types   -Wno-nested-anon-types -o CMakeFiles/cmTC_15ea4.dir/src.cxx.o -c /home/acc.brunetm2/easy/build/CMakeFiles/CMakeTmp/src.cxx
<command-line>: warning: ISO C++11 requires whitespace after the macro name
cc1plus: warning: unrecognized command line option '-Wno-nested-anon-types'
Linking CXX executable cmTC_15ea4
/usr/bin/cmake -E cmake_link_script CMakeFiles/cmTC_15ea4.dir/link.txt --verbose=1
/usr/bin/c++   -DHAS_WNO_nested-anon-types    CMakeFiles/cmTC_15ea4.dir/src.cxx.o  -o cmTC_15ea4 
make[1]: Leaving directory '/home/acc.brunetm2/easy/build/CMakeFiles/CMakeTmp'


Source file was:
int main() { return 0; }
